2025-11-22 10:19:00 | DEBUG | repo=PCAT | action=commit
2025-08-27 08:21:00 | INFO | repo=PCAT | action=commit
2025-02-20 10:43:00 | WARN | repo=PCAT | action=commit
2025-09-15 11:09:00 | WARN | repo=PCAT | action=pull
2025-04-07 18:59:00 | INFO | repo=PCAT | action=pull
2025-07-04 09:54:00 | WARN | repo=PCAT | action=commit
2025-05-05 10:32:00 | DEBUG | repo=PCAT | action=commit
2025-08-05 08:02:00 | INFO | repo=PCAT | action=commit
2025-03-05 21:52:00 | DEBUG | repo=PCAT | action=commit
2025-07-23 19:31:00 | DEBUG | repo=PCAT | action=commit
2025-04-02 15:38:00 | WARN | repo=PCAT | action=commit
2025-11-01 14:05:00 | DEBUG | repo=PCAT | action=commit
2025-09-27 07:44:00 | INFO | repo=PCAT | action=commit
2025-07-22 13:06:00 | INFO | repo=PCAT | action=commit
2025-08-14 08:09:00 | WARN | repo=PCAT | action=commit
2025-10-21 16:25:00 | INFO | repo=PCAT | action=commit
2025-08-22 12:17:00 | INFO | repo=PCAT | action=commit
2025-06-20 20:31:00 | WARN | repo=PCAT | action=commit
2025-07-06 11:39:00 | WARN | repo=PCAT | action=commit
2025-05-02 10:40:00 | INFO | repo=PCAT | action=commit
2025-08-04 08:44:00 | INFO | repo=PCAT | action=commit
2025-01-14 19:14:00 | INFO | repo=PCAT | action=test | passed=true
2025-06-20 08:01:00 | DEBUG | repo=PCAT | action=commit
2025-02-03 21:20:00 | WARN | repo=PCAT | action=commit
2025-12-11 11:01:00 | DEBUG | repo=PCAT | action=commit
